<?xml version="1.0" encoding="UTF-8"?>
<testsuite xmlns:xsi="http://www.w3.org/2001/XMLSchema-instance" xsi:noNamespaceSchemaLocation="https://maven.apache.org/surefire/maven-surefire-plugin/xsd/surefire-test-report.xsd" name="me.ivanyu.GrammarTest" time="1.623" tests="1" errors="0" skipped="0" failures="0">
  <properties>
    <property name="sun.desktop" value="windows"/>
    <property name="awt.toolkit" value="sun.awt.windows.WToolkit"/>
    <property name="file.encoding.pkg" value="sun.io"/>
    <property name="java.specification.version" value="1.8"/>
    <property name="sun.cpu.isalist" value="amd64"/>
    <property name="sun.jnu.encoding" value="Cp1252"/>
    <property name="java.class.path" value="C:\dl2\mavenrepo\rule-compiler\ivyclient\target\test-classes;C:\dl2\mavenrepo\rule-compiler\ivyclient\target\classes;C:\Users\hp\.m2\repository\org\antlr\antlr4-runtime\4.3\antlr4-runtime-4.3.jar;C:\Users\hp\.m2\repository\org\abego\treelayout\org.abego.treelayout.core\1.0.1\org.abego.treelayout.core-1.0.1.jar;C:\Users\hp\.m2\repository\org\antlr\antlr4-annotations\4.3\antlr4-annotations-4.3.jar;C:\Users\hp\.m2\repository\org\codehaus\groovy\groovy\2.5.0\groovy-2.5.0.jar;C:\Users\hp\.m2\repository\org\codehaus\groovy\groovy-ant\2.5.0\groovy-ant-2.5.0.jar;C:\Users\hp\.m2\repository\org\apache\ant\ant\1.9.9\ant-1.9.9.jar;C:\Users\hp\.m2\repository\org\apache\ant\ant-junit\1.9.9\ant-junit-1.9.9.jar;C:\Users\hp\.m2\repository\org\apache\ant\ant-launcher\1.9.9\ant-launcher-1.9.9.jar;C:\Users\hp\.m2\repository\org\apache\ant\ant-antlr\1.9.9\ant-antlr-1.9.9.jar;C:\Users\hp\.m2\repository\org\codehaus\groovy\groovy-bsf\2.5.0\groovy-bsf-2.5.0.jar;C:\Users\hp\.m2\repository\bsf\bsf\2.4.0\bsf-2.4.0.jar;C:\Users\hp\.m2\repository\commons-logging\commons-logging\1.2\commons-logging-1.2.jar;C:\Users\hp\.m2\repository\org\codehaus\groovy\groovy-cli-picocli\2.5.0\groovy-cli-picocli-2.5.0.jar;C:\Users\hp\.m2\repository\info\picocli\picocli\3.0.2\picocli-3.0.2.jar;C:\Users\hp\.m2\repository\org\codehaus\groovy\groovy-console\2.5.0\groovy-console-2.5.0.jar;C:\Users\hp\.m2\repository\org\codehaus\groovy\groovy-datetime\2.5.0\groovy-datetime-2.5.0.jar;C:\Users\hp\.m2\repository\org\codehaus\groovy\groovy-docgenerator\2.5.0\groovy-docgenerator-2.5.0.jar;C:\Users\hp\.m2\repository\com\thoughtworks\qdox\qdox\1.12.1\qdox-1.12.1.jar;C:\Users\hp\.m2\repository\org\codehaus\groovy\groovy-groovydoc\2.5.0\groovy-groovydoc-2.5.0.jar;C:\Users\hp\.m2\repository\org\codehaus\groovy\groovy-dateutil\2.5.0\groovy-dateutil-2.5.0.jar;C:\Users\hp\.m2\repository\org\codehaus\groovy\groovy-groovysh\2.5.0\groovy-groovysh-2.5.0.jar;C:\Users\hp\.m2\repository\jline\jline\2.14.6\jline-2.14.6.jar;C:\Users\hp\.m2\repository\org\codehaus\groovy\groovy-jmx\2.5.0\groovy-jmx-2.5.0.jar;C:\Users\hp\.m2\repository\org\codehaus\groovy\groovy-json\2.5.0\groovy-json-2.5.0.jar;C:\Users\hp\.m2\repository\org\codehaus\groovy\groovy-jsr223\2.5.0\groovy-jsr223-2.5.0.jar;C:\Users\hp\.m2\repository\org\codehaus\groovy\groovy-macro\2.5.0\groovy-macro-2.5.0.jar;C:\Users\hp\.m2\repository\org\codehaus\groovy\groovy-nio\2.5.0\groovy-nio-2.5.0.jar;C:\Users\hp\.m2\repository\org\codehaus\groovy\groovy-servlet\2.5.0\groovy-servlet-2.5.0.jar;C:\Users\hp\.m2\repository\org\codehaus\groovy\groovy-sql\2.5.0\groovy-sql-2.5.0.jar;C:\Users\hp\.m2\repository\org\codehaus\groovy\groovy-swing\2.5.0\groovy-swing-2.5.0.jar;C:\Users\hp\.m2\repository\org\codehaus\groovy\groovy-templates\2.5.0\groovy-templates-2.5.0.jar;C:\Users\hp\.m2\repository\org\codehaus\groovy\groovy-test\2.5.0\groovy-test-2.5.0.jar;C:\Users\hp\.m2\repository\junit\junit\4.12\junit-4.12.jar;C:\Users\hp\.m2\repository\org\hamcrest\hamcrest-core\1.3\hamcrest-core-1.3.jar;C:\Users\hp\.m2\repository\org\codehaus\groovy\groovy-test-junit5\2.5.0\groovy-test-junit5-2.5.0.jar;C:\Users\hp\.m2\repository\org\junit\platform\junit-platform-launcher\1.2.0\junit-platform-launcher-1.2.0.jar;C:\Users\hp\.m2\repository\org\apiguardian\apiguardian-api\1.0.0\apiguardian-api-1.0.0.jar;C:\Users\hp\.m2\repository\org\junit\platform\junit-platform-engine\1.2.0\junit-platform-engine-1.2.0.jar;C:\Users\hp\.m2\repository\org\junit\platform\junit-platform-commons\1.2.0\junit-platform-commons-1.2.0.jar;C:\Users\hp\.m2\repository\org\opentest4j\opentest4j\1.1.0\opentest4j-1.1.0.jar;C:\Users\hp\.m2\repository\org\junit\jupiter\junit-jupiter-engine\5.2.0\junit-jupiter-engine-5.2.0.jar;C:\Users\hp\.m2\repository\org\junit\jupiter\junit-jupiter-api\5.2.0\junit-jupiter-api-5.2.0.jar;C:\Users\hp\.m2\repository\org\codehaus\groovy\groovy-testng\2.5.0\groovy-testng-2.5.0.jar;C:\Users\hp\.m2\repository\org\testng\testng\6.9.10\testng-6.9.10.jar;C:\Users\hp\.m2\repository\com\beust\jcommander\1.48\jcommander-1.48.jar;C:\Users\hp\.m2\repository\org\codehaus\groovy\groovy-xml\2.5.0\groovy-xml-2.5.0.jar;C:\Users\hp\.m2\repository\me\ivanyu\rule-compiler\ivyparser\1.0-SNAPSHOT\ivyparser-1.0-SNAPSHOT.jar;C:\Users\hp\.m2\repository\org\apache\maven\surefire\surefire-testng-utils\2.22.0\surefire-testng-utils-2.22.0.jar;C:\Users\hp\.m2\repository\org\apache\maven\surefire\surefire-grouper\2.22.0\surefire-grouper-2.22.0.jar;"/>
    <property name="java.vm.vendor" value="Oracle Corporation"/>
    <property name="sun.arch.data.model" value="64"/>
    <property name="user.variant" value=""/>
    <property name="java.vendor.url" value="http://java.oracle.com/"/>
    <property name="user.timezone" value="Asia/Calcutta"/>
    <property name="java.vm.specification.version" value="1.8"/>
    <property name="os.name" value="Windows 10"/>
    <property name="user.country" value="IN"/>
    <property name="sun.java.launcher" value="SUN_STANDARD"/>
    <property name="sun.boot.library.path" value="C:\Program Files\Java\jdk1.8.0_162\jre\bin"/>
    <property name="sun.java.command" value="C:\Users\hp\AppData\Local\Temp\surefire2938851778786480750\surefirebooter2329704179197568110.jar C:\Users\hp\AppData\Local\Temp\surefire2938851778786480750 2018-08-12T18-48-20_367-jvmRun1 surefire969266315507203310tmp surefire_03484474688941110213tmp"/>
    <property name="surefire.test.class.path" value="C:\dl2\mavenrepo\rule-compiler\ivyclient\target\test-classes;C:\dl2\mavenrepo\rule-compiler\ivyclient\target\classes;C:\Users\hp\.m2\repository\org\antlr\antlr4-runtime\4.3\antlr4-runtime-4.3.jar;C:\Users\hp\.m2\repository\org\abego\treelayout\org.abego.treelayout.core\1.0.1\org.abego.treelayout.core-1.0.1.jar;C:\Users\hp\.m2\repository\org\antlr\antlr4-annotations\4.3\antlr4-annotations-4.3.jar;C:\Users\hp\.m2\repository\org\codehaus\groovy\groovy\2.5.0\groovy-2.5.0.jar;C:\Users\hp\.m2\repository\org\codehaus\groovy\groovy-ant\2.5.0\groovy-ant-2.5.0.jar;C:\Users\hp\.m2\repository\org\apache\ant\ant\1.9.9\ant-1.9.9.jar;C:\Users\hp\.m2\repository\org\apache\ant\ant-junit\1.9.9\ant-junit-1.9.9.jar;C:\Users\hp\.m2\repository\org\apache\ant\ant-launcher\1.9.9\ant-launcher-1.9.9.jar;C:\Users\hp\.m2\repository\org\apache\ant\ant-antlr\1.9.9\ant-antlr-1.9.9.jar;C:\Users\hp\.m2\repository\org\codehaus\groovy\groovy-bsf\2.5.0\groovy-bsf-2.5.0.jar;C:\Users\hp\.m2\repository\bsf\bsf\2.4.0\bsf-2.4.0.jar;C:\Users\hp\.m2\repository\commons-logging\commons-logging\1.2\commons-logging-1.2.jar;C:\Users\hp\.m2\repository\org\codehaus\groovy\groovy-cli-picocli\2.5.0\groovy-cli-picocli-2.5.0.jar;C:\Users\hp\.m2\repository\info\picocli\picocli\3.0.2\picocli-3.0.2.jar;C:\Users\hp\.m2\repository\org\codehaus\groovy\groovy-console\2.5.0\groovy-console-2.5.0.jar;C:\Users\hp\.m2\repository\org\codehaus\groovy\groovy-datetime\2.5.0\groovy-datetime-2.5.0.jar;C:\Users\hp\.m2\repository\org\codehaus\groovy\groovy-docgenerator\2.5.0\groovy-docgenerator-2.5.0.jar;C:\Users\hp\.m2\repository\com\thoughtworks\qdox\qdox\1.12.1\qdox-1.12.1.jar;C:\Users\hp\.m2\repository\org\codehaus\groovy\groovy-groovydoc\2.5.0\groovy-groovydoc-2.5.0.jar;C:\Users\hp\.m2\repository\org\codehaus\groovy\groovy-dateutil\2.5.0\groovy-dateutil-2.5.0.jar;C:\Users\hp\.m2\repository\org\codehaus\groovy\groovy-groovysh\2.5.0\groovy-groovysh-2.5.0.jar;C:\Users\hp\.m2\repository\jline\jline\2.14.6\jline-2.14.6.jar;C:\Users\hp\.m2\repository\org\codehaus\groovy\groovy-jmx\2.5.0\groovy-jmx-2.5.0.jar;C:\Users\hp\.m2\repository\org\codehaus\groovy\groovy-json\2.5.0\groovy-json-2.5.0.jar;C:\Users\hp\.m2\repository\org\codehaus\groovy\groovy-jsr223\2.5.0\groovy-jsr223-2.5.0.jar;C:\Users\hp\.m2\repository\org\codehaus\groovy\groovy-macro\2.5.0\groovy-macro-2.5.0.jar;C:\Users\hp\.m2\repository\org\codehaus\groovy\groovy-nio\2.5.0\groovy-nio-2.5.0.jar;C:\Users\hp\.m2\repository\org\codehaus\groovy\groovy-servlet\2.5.0\groovy-servlet-2.5.0.jar;C:\Users\hp\.m2\repository\org\codehaus\groovy\groovy-sql\2.5.0\groovy-sql-2.5.0.jar;C:\Users\hp\.m2\repository\org\codehaus\groovy\groovy-swing\2.5.0\groovy-swing-2.5.0.jar;C:\Users\hp\.m2\repository\org\codehaus\groovy\groovy-templates\2.5.0\groovy-templates-2.5.0.jar;C:\Users\hp\.m2\repository\org\codehaus\groovy\groovy-test\2.5.0\groovy-test-2.5.0.jar;C:\Users\hp\.m2\repository\junit\junit\4.12\junit-4.12.jar;C:\Users\hp\.m2\repository\org\hamcrest\hamcrest-core\1.3\hamcrest-core-1.3.jar;C:\Users\hp\.m2\repository\org\codehaus\groovy\groovy-test-junit5\2.5.0\groovy-test-junit5-2.5.0.jar;C:\Users\hp\.m2\repository\org\junit\platform\junit-platform-launcher\1.2.0\junit-platform-launcher-1.2.0.jar;C:\Users\hp\.m2\repository\org\apiguardian\apiguardian-api\1.0.0\apiguardian-api-1.0.0.jar;C:\Users\hp\.m2\repository\org\junit\platform\junit-platform-engine\1.2.0\junit-platform-engine-1.2.0.jar;C:\Users\hp\.m2\repository\org\junit\platform\junit-platform-commons\1.2.0\junit-platform-commons-1.2.0.jar;C:\Users\hp\.m2\repository\org\opentest4j\opentest4j\1.1.0\opentest4j-1.1.0.jar;C:\Users\hp\.m2\repository\org\junit\jupiter\junit-jupiter-engine\5.2.0\junit-jupiter-engine-5.2.0.jar;C:\Users\hp\.m2\repository\org\junit\jupiter\junit-jupiter-api\5.2.0\junit-jupiter-api-5.2.0.jar;C:\Users\hp\.m2\repository\org\codehaus\groovy\groovy-testng\2.5.0\groovy-testng-2.5.0.jar;C:\Users\hp\.m2\repository\org\testng\testng\6.9.10\testng-6.9.10.jar;C:\Users\hp\.m2\repository\com\beust\jcommander\1.48\jcommander-1.48.jar;C:\Users\hp\.m2\repository\org\codehaus\groovy\groovy-xml\2.5.0\groovy-xml-2.5.0.jar;C:\Users\hp\.m2\repository\me\ivanyu\rule-compiler\ivyparser\1.0-SNAPSHOT\ivyparser-1.0-SNAPSHOT.jar;C:\Users\hp\.m2\repository\org\apache\maven\surefire\surefire-testng-utils\2.22.0\surefire-testng-utils-2.22.0.jar;C:\Users\hp\.m2\repository\org\apache\maven\surefire\surefire-grouper\2.22.0\surefire-grouper-2.22.0.jar;"/>
    <property name="sun.cpu.endian" value="little"/>
    <property name="user.home" value="C:\Users\hp"/>
    <property name="user.language" value="en"/>
    <property name="java.specification.vendor" value="Oracle Corporation"/>
    <property name="java.home" value="C:\Program Files\Java\jdk1.8.0_162\jre"/>
    <property name="basedir" value="C:\dl2\mavenrepo\rule-compiler\ivyclient"/>
    <property name="file.separator" value="\"/>
    <property name="line.separator" value="&#10;"/>
    <property name="java.vm.specification.vendor" value="Oracle Corporation"/>
    <property name="java.specification.name" value="Java Platform API Specification"/>
    <property name="java.awt.graphicsenv" value="sun.awt.Win32GraphicsEnvironment"/>
    <property name="surefire.real.class.path" value="C:\Users\hp\AppData\Local\Temp\surefire2938851778786480750\surefirebooter2329704179197568110.jar"/>
    <property name="sun.boot.class.path" value="C:\Program Files\Java\jdk1.8.0_162\jre\lib\resources.jar;C:\Program Files\Java\jdk1.8.0_162\jre\lib\rt.jar;C:\Program Files\Java\jdk1.8.0_162\jre\lib\sunrsasign.jar;C:\Program Files\Java\jdk1.8.0_162\jre\lib\jsse.jar;C:\Program Files\Java\jdk1.8.0_162\jre\lib\jce.jar;C:\Program Files\Java\jdk1.8.0_162\jre\lib\charsets.jar;C:\Program Files\Java\jdk1.8.0_162\jre\lib\jfr.jar;C:\Program Files\Java\jdk1.8.0_162\jre\classes"/>
    <property name="user.script" value=""/>
    <property name="sun.management.compiler" value="HotSpot 64-Bit Tiered Compilers"/>
    <property name="java.runtime.version" value="1.8.0_162-b12"/>
    <property name="user.name" value="hp"/>
    <property name="path.separator" value=";"/>
    <property name="os.version" value="10.0"/>
    <property name="java.endorsed.dirs" value="C:\Program Files\Java\jdk1.8.0_162\jre\lib\endorsed"/>
    <property name="java.runtime.name" value="Java(TM) SE Runtime Environment"/>
    <property name="file.encoding" value="Cp1252"/>
    <property name="java.vm.name" value="Java HotSpot(TM) 64-Bit Server VM"/>
    <property name="localRepository" value="C:\Users\hp\.m2\repository"/>
    <property name="java.vendor.url.bug" value="http://bugreport.sun.com/bugreport/"/>
    <property name="java.io.tmpdir" value="C:\Users\hp\AppData\Local\Temp\"/>
    <property name="java.version" value="1.8.0_162"/>
    <property name="user.dir" value="C:\dl2\mavenrepo\rule-compiler\ivyclient"/>
    <property name="os.arch" value="amd64"/>
    <property name="java.vm.specification.name" value="Java Virtual Machine Specification"/>
    <property name="java.awt.printerjob" value="sun.awt.windows.WPrinterJob"/>
    <property name="sun.os.patch.level" value=""/>
    <property name="java.library.path" value="C:\Program Files\Java\jdk1.8.0_162\jre\bin;C:\WINDOWS\Sun\Java\bin;C:\WINDOWS\system32;C:\WINDOWS;C:\cygwin64\bin;c:\cygwin64;C:\Program Files (x86)\Common Files\Oracle\Java\javapath;C:\ProgramData\Oracle\Java\javapath;C:\Program Files (x86)\Intel\iCLS Client\;C:\Program Files\Intel\iCLS Client\;C:\WINDOWS\system32;C:\WINDOWS;C:\WINDOWS\System32\Wbem;C:\WINDOWS\System32\WindowsPowerShell\v1.0\;C:\Program Files (x86)\Intel\Intel(R) Management Engine Components\DAL;C:\Program Files\Intel\Intel(R) Management Engine Components\DAL;C:\Program Files (x86)\Intel\Intel(R) Management Engine Components\IPT;C:\Program Files\Intel\Intel(R) Management Engine Components\IPT;C:\Program Files (x86)\Brackets\command;C:\projects\jaxb-v2-master\jaxb-ri\bundles\ri\src\main\resources\bin;%JAVA_HOME%\bin;C:\apache-maven-3.5.4\bin;C:\Program Files\Java\jdk1.8.0_162\bin;C:\Program Files\Git\cmd;C:\Program Files\Git\bin;c:\%FORREST_HOME%\bin;C:\Program Files\SlikSvn\bin;C:\Go\bin;C:\WINDOWS\System32\OpenSSH\;C:\Program Files\Intel\WiFi\bin\;C:\Program Files\Common Files\Intel\WirelessCommon\;C:\Program Files\nodejs\;C:\cygwin64\bin;c:\cygwin64;C:\Program Files (x86)\Common Files\Oracle\Java\javapath;C:\ProgramData\Oracle\Java\javapath;C:\Program Files (x86)\Intel\iCLS Client\;C:\Program Files\Intel\iCLS Client\;C:\WINDOWS\system32;C:\WINDOWS;C:\WINDOWS\System32\Wbem;C:\WINDOWS\System32\WindowsPowerShell\v1.0\;C:\Program Files (x86)\Intel\Intel(R) Management Engine Components\DAL;C:\Program Files\Intel\Intel(R) Management Engine Components\DAL;C:\Program Files (x86)\Intel\Intel(R) Management Engine Components\IPT;C:\Program Files\Intel\Intel(R) Management Engine Components\IPT;C:\Program Files (x86)\Brackets\command;C:\projects\jaxb-v2-master\jaxb-ri\bundles\ri\src\main\resources\bin;%JAVA_HOME%\bin;C:\apache-maven-3.5.4\bin;C:\Program Files\Java\jdk1.8.0_162\bin;C:\Program Files\Git\cmd;C:\Program Files\Git\bin;c:\%FORREST_HOME%\bin;C:\Program Files\SlikSvn\bin;C:\Go\bin;C:\WINDOWS\System32\OpenSSH\;C:\Program Files\Intel\WiFi\bin\;C:\Program Files\Common Files\Intel\WirelessCommon\;C:\Program Files\nodejs\;;C:\Program Files\SlikSvn\bin;C:\Program Files\Java\jdk1.7.0_80\bin;C:\apache-ant-1.9.9\bin;C:\gradle-4.0.1\bin;C:\Users\hp\AppData\Local\Microsoft\WindowsApps;c:\go\bin;C:\Users\hp\AppData\Roaming\npm;C:\Program Files\nodejs;C:\groovy-2.5.1\bin;C:\cygwin64\bin;;."/>
    <property name="java.vm.info" value="mixed mode"/>
    <property name="java.vendor" value="Oracle Corporation"/>
    <property name="java.vm.version" value="25.162-b12"/>
    <property name="java.ext.dirs" value="C:\Program Files\Java\jdk1.8.0_162\jre\lib\ext;C:\WINDOWS\Sun\Java\lib\ext"/>
    <property name="sun.io.unicode.encoding" value="UnicodeLittle"/>
    <property name="java.class.version" value="52.0"/>
  </properties>
  <testcase name="ruleTest on ruleTest(me.ivanyu.GrammarTest)" classname="me.ivanyu.GrammarTest" time="0.234"/>
</testsuite>