<?xml version="1.0" encoding="UTF-8"?>
<!-- Generated by org.testng.reporters.JUnitReportReporter -->
<testsuite hostname="LAPTOP-T81V6LO7" name="me.ivanyu.GrammarTest" tests="1" failures="0" timestamp="12 Aug 2018 13:18:26 GMT" time="0.218" errors="0">
  <testcase name="ruleTest" time="0.218" classname="me.ivanyu.GrammarTest"/>
</testsuite> <!-- me.ivanyu.GrammarTest -->
